<<<<<<< HEAD
﻿  joypad.cpp
  item.cpp
  input.cpp
  game.cpp
  gage.cpp
c:\users\gsp030\desktop\git\miraimasuzawa\吉田学園情報ビジネス専門学校_増澤 未来\01_electro\02_開発環境\01_game\electro\7.7\gage.cpp(132): warning C4244: '=': 'int' から 'float' への変換です。データが失われる可能性があります。
c:\users\gsp030\desktop\git\miraimasuzawa\吉田学園情報ビジネス専門学校_増澤 未来\01_electro\02_開発環境\01_game\electro\7.7\gage.cpp(150): warning C4244: '=': 'int' から 'float' への変換です。データが失われる可能性があります。
  コードを生成中...
  7.7.vcxproj -> C:\Users\gsp030\Desktop\git\MiraiMasuzawa\吉田学園情報ビジネス専門学校_増澤 未来\01_electro\02_開発環境\01_game\Electro\Debug\electro.exe
  7.7.vcxproj -> C:\Users\gsp030\Desktop\git\MiraiMasuzawa\吉田学園情報ビジネス専門学校_増澤 未来\01_electro\02_開発環境\01_game\Electro\Debug\electro.pdb (Full PDB)
=======
﻿  pause.cpp
  コードを生成中...
  スキップ中... (関連する変更は検出されませんでした)
  tcp_client.cpp
  ranking.cpp
  7.7.vcxproj -> C:\Users\gsp030\Desktop\吉田学園情報ビジネス専門学校_増澤 未来\01_electro\開発環境\game\Electro\Debug\electro.exe
  7.7.vcxproj -> C:\Users\gsp030\Desktop\吉田学園情報ビジネス専門学校_増澤 未来\01_electro\開発環境\game\Electro\Debug\electro.pdb (Full PDB)
>>>>>>> 1f4259f10d71f719b19dc40ae4c297906db09178
