  wall.cpp
  tutorial.cpp
  title_menu.cpp
  title_camera.cpp
c:\users\gsp030\desktop\dgc\project\dgc\c++ひな形\title_camera.cpp(150): warning C4244: '初期化中': 'DWORD' から 'float' への変換です。データが失われる可能性があります。
c:\users\gsp030\desktop\dgc\project\dgc\c++ひな形\title_camera.cpp(151): warning C4244: '初期化中': 'DWORD' から 'float' への変換です。データが失われる可能性があります。
  title.cpp
  start.cpp
  sound.cpp
  score.cpp
c:\users\gsp030\desktop\dgc\project\dgc\c++ひな形\score.cpp(61): warning C4244: '引数': 'int' から 'FLOAT' への変換です。データが失われる可能性があります。
c:\users\gsp030\desktop\dgc\project\dgc\c++ひな形\score.cpp(99): warning C4244: '引数': 'int' から 'float' への変換です。データが失われる可能性があります。
c:\users\gsp030\desktop\dgc\project\dgc\c++ひな形\score.cpp(99): warning C4244: '引数': 'float' から 'const int' への変換です。データが失われる可能性があります。
  scene3d.cpp
  scene2d.cpp
  scene.cpp
  result.cpp
  renderer.cpp
c:\users\gsp030\desktop\dgc\project\dgc\c++ひな形\renderer.cpp(409): warning C4244: '=': 'float' から 'DWORD' への変換です。データが失われる可能性があります。
  rank.cpp
  polygon.cpp
  player.cpp
c:\users\gsp030\desktop\dgc\project\dgc\c++ひな形\player.cpp(384): warning C4244: '=': 'int' から 'float' への変換です。データが失われる可能性があります。
c:\users\gsp030\desktop\dgc\project\dgc\c++ひな形\player.cpp(630): warning C4244: '=': 'int' から 'float' への変換です。データが失われる可能性があります。
  pause.cpp
  particle.cpp
c:\users\gsp030\desktop\dgc\project\dgc\c++ひな形\particle.cpp(66): warning C4244: '引数': 'int' から 'const float' への変換です。データが失われる可能性があります。
  number.cpp
  mouse.cpp
c:\users\gsp030\desktop\dgc\project\dgc\c++ひな形\mouse.cpp(161): warning C4244: '引数': 'LONG' から 'FLOAT' への変換です。データが失われる可能性があります。
c:\users\gsp030\desktop\dgc\project\dgc\c++ひな形\mouse.cpp(170): warning C4244: '=': 'float' から 'LONG' への変換です。データが失われる可能性があります。
c:\users\gsp030\desktop\dgc\project\dgc\c++ひな形\mouse.cpp(171): warning C4244: '=': 'float' から 'LONG' への変換です。データが失われる可能性があります。
  コードを生成中...
  コンパイル中...
  motion.cpp
  model_hierarchy.cpp
  model.cpp
  course.cpp
  manager.cpp
  main.cpp
  light.cpp
c:\users\gsp030\desktop\dgc\project\dgc\c++ひな形\light.cpp(48): warning C4305: '引数': 'double' から 'FLOAT' へ切り詰めます。
  keyboard.cpp
  joypad.cpp
c:\users\gsp030\desktop\dgc\project\dgc\c++ひな形\joypad.cpp(58): warning C4311: '型キャスト': ポインターを 'HRESULT *' から 'HRESULT' へ切り詰めます。
c:\users\gsp030\desktop\dgc\project\dgc\c++ひな形\joypad.cpp(58): warning C4302: '型キャスト': 'HRESULT *' から 'HRESULT' へ切り詰めます。
  item.cpp
  input.cpp
  goal_ui.cpp
  gauge.cpp
  game.cpp
c:\users\gsp030\desktop\dgc\project\dgc\c++ひな形\game.cpp(90): warning C4244: '初期化中': 'int' から 'float' への変換です。データが失われる可能性があります。
  file.cpp
  fade.cpp
c:\users\gsp030\desktop\dgc\project\dgc\c++ひな形\fade.cpp(25): warning C4244: '引数': 'float' から 'DWORD' への変換です。データが失われる可能性があります。
  evolution_effect.cpp
c:\users\gsp030\desktop\dgc\project\dgc\c++ひな形\evolution_effect.cpp(215): warning C4244: '+=': 'double' から 'FLOAT' への変換です。データが失われる可能性があります。
c:\users\gsp030\desktop\dgc\project\dgc\c++ひな形\evolution_effect.cpp(216): warning C4244: '+=': 'double' から 'FLOAT' への変換です。データが失われる可能性があります。
c:\users\gsp030\desktop\dgc\project\dgc\c++ひな形\evolution_effect.cpp(217): warning C4244: '+=': 'double' から 'FLOAT' への変換です。データが失われる可能性があります。
c:\users\gsp030\desktop\dgc\project\dgc\c++ひな形\evolution_effect.cpp(218): warning C4244: '+=': 'double' から 'FLOAT' への変換です。データが失われる可能性があります。
  destination.cpp
  debug_log.cpp
  collision.cpp
  コードを生成中...
  コンパイル中...
  checkpoint.cpp
  chain_ui.cpp
c:\users\gsp030\desktop\dgc\project\dgc\c++ひな形\chain_ui.cpp(231): warning C4244: '引数': 'int' から 'float' への変換です。データが失われる可能性があります。
c:\users\gsp030\desktop\dgc\project\dgc\c++ひな形\chain_ui.cpp(231): warning C4244: '引数': 'float' から 'const int' への変換です。データが失われる可能性があります。
c:\users\gsp030\desktop\dgc\project\dgc\c++ひな形\chain_ui.cpp(273): warning C4244: '引数': 'int' から 'float' への変換です。データが失われる可能性があります。
c:\users\gsp030\desktop\dgc\project\dgc\c++ひな形\chain_ui.cpp(273): warning C4244: '引数': 'float' から 'const int' への変換です。データが失われる可能性があります。
  camera.cpp
c:\users\gsp030\desktop\dgc\project\dgc\c++ひな形\camera.cpp(238): warning C4244: '初期化中': 'DWORD' から 'float' への変換です。データが失われる可能性があります。
c:\users\gsp030\desktop\dgc\project\dgc\c++ひな形\camera.cpp(239): warning C4244: '初期化中': 'DWORD' から 'float' への変換です。データが失われる可能性があります。
  bg.cpp
  accelfloor.cpp
  コードを生成中...
model_hierarchy.obj : error LNK2001: 外部シンボル "D3DXLoadMeshFromXA" は未解決です。
wall.obj : error LNK2001: 外部シンボル "D3DXLoadMeshFromXA" は未解決です。
accelfloor.obj : error LNK2001: 外部シンボル "D3DXLoadMeshFromXA" は未解決です。
evolution_effect.obj : error LNK2001: 外部シンボル "D3DXLoadMeshFromXA" は未解決です。
item.obj : error LNK2001: 外部シンボル "D3DXLoadMeshFromXA" は未解決です。
course.obj : error LNK2001: 外部シンボル "D3DXLoadMeshFromXA" は未解決です。
accelfloor.obj : error LNK2019: 未解決の外部シンボル D3DXIntersect が関数 "private: void __cdecl CAccelFloor::AdjustPos(void)" (?AdjustPos@CAccelFloor@@AEAAXXZ) で参照されました。
course.obj : error LNK2001: 外部シンボル "D3DXIntersect" は未解決です。
wall.obj : error LNK2001: 外部シンボル "D3DXIntersect" は未解決です。
title_menu.obj : error LNK2001: 外部シンボル "D3DXCreateTextureFromFileA" は未解決です。
tutorial.obj : error LNK2001: 外部シンボル "D3DXCreateTextureFromFileA" は未解決です。
rank.obj : error LNK2001: 外部シンボル "D3DXCreateTextureFromFileA" は未解決です。
result.obj : error LNK2001: 外部シンボル "D3DXCreateTextureFromFileA" は未解決です。
start.obj : error LNK2001: 外部シンボル "D3DXCreateTextureFromFileA" は未解決です。
title.obj : error LNK2001: 外部シンボル "D3DXCreateTextureFromFileA" は未解決です。
course.obj : error LNK2001: 外部シンボル "D3DXCreateTextureFromFileA" は未解決です。
number.obj : error LNK2001: 外部シンボル "D3DXCreateTextureFromFileA" は未解決です。
particle.obj : error LNK2001: 外部シンボル "D3DXCreateTextureFromFileA" は未解決です。
pause.obj : error LNK2001: 外部シンボル "D3DXCreateTextureFromFileA" は未解決です。
game.obj : error LNK2001: 外部シンボル "D3DXCreateTextureFromFileA" は未解決です。
gauge.obj : error LNK2001: 外部シンボル "D3DXCreateTextureFromFileA" は未解決です。
goal_ui.obj : error LNK2001: 外部シンボル "D3DXCreateTextureFromFileA" は未解決です。
item.obj : error LNK2001: 外部シンボル "D3DXCreateTextureFromFileA" は未解決です。
accelfloor.obj : error LNK2001: 外部シンボル "D3DXCreateTextureFromFileA" は未解決です。
bg.obj : error LNK2001: 外部シンボル "D3DXCreateTextureFromFileA" は未解決です。
chain_ui.obj : error LNK2001: 外部シンボル "D3DXCreateTextureFromFileA" は未解決です。
evolution_effect.obj : error LNK2001: 外部シンボル "D3DXCreateTextureFromFileA" は未解決です。
camera.obj : error LNK2019: 未解決の外部シンボル D3DXMatrixLookAtLH が関数 "public: void __cdecl CCamera::SetCamera(void)" (?SetCamera@CCamera@@QEAAXXZ) で参照されました。
renderer.obj : error LNK2001: 外部シンボル "D3DXMatrixLookAtLH" は未解決です。
title_camera.obj : error LNK2001: 外部シンボル "D3DXMatrixLookAtLH" は未解決です。
camera.obj : error LNK2019: 未解決の外部シンボル D3DXMatrixPerspectiveFovLH が関数 "public: void __cdecl CCamera::SetCamera(void)" (?SetCamera@CCamera@@QEAAXXZ) で参照されました。
title_camera.obj : error LNK2001: 外部シンボル "D3DXMatrixPerspectiveFovLH" は未解決です。
collision.obj : error LNK2019: 未解決の外部シンボル D3DXCreateBox が関数 "private: void __cdecl CCollision::CreateMesh(void)" (?CreateMesh@CCollision@@AEAAXXZ) で参照されました。
collision.obj : error LNK2019: 未解決の外部シンボル D3DXCreateSphere が関数 "private: void __cdecl CCollision::CreateMesh(void)" (?CreateMesh@CCollision@@AEAAXXZ) で参照されました。
debug_log.obj : error LNK2019: 未解決の外部シンボル D3DXCreateFontA が関数 "public: static long __cdecl CDebugLog::Init(void)" (?Init@CDebugLog@@SAJXZ) で参照されました。
renderer.obj : error LNK2001: 外部シンボル "D3DXCreateFontA" は未解決です。
destination.obj : error LNK2019: 未解決の外部シンボル D3DXCreateCylinder が関数 "private: void __cdecl CDestination::CreateMesh(void)" (?CreateMesh@CDestination@@AEAAXXZ) で参照されました。
input.obj : error LNK2019: 未解決の外部シンボル DirectInput8Create が関数 "public: virtual long __cdecl CInput::Init(struct HINSTANCE__ *,struct HWND__ *)" (?Init@CInput@@UEAAJPEAUHINSTANCE__@@PEAUHWND__@@@Z) で参照されました。
joypad.obj : error LNK2001: 外部シンボル "DirectInput8Create" は未解決です。
input.obj : error LNK2001: 外部シンボル "IID_IDirectInput8A" は未解決です。
joypad.obj : error LNK2001: 外部シンボル "IID_IDirectInput8A" は未解決です。
joypad.obj : error LNK2001: 外部シンボル "c_dfDIJoystick" は未解決です。
keyboard.obj : error LNK2001: 外部シンボル "GUID_SysKeyboard" は未解決です。
keyboard.obj : error LNK2001: 外部シンボル "c_dfDIKeyboard" は未解決です。
light.obj : error LNK2019: 未解決の外部シンボル D3DXVec3Normalize が関数 "public: long __cdecl CLight::Init(void)" (?Init@CLight@@QEAAJXZ) で参照されました。
player.obj : error LNK2001: 外部シンボル "D3DXVec3Normalize" は未解決です。
title_camera.obj : error LNK2001: 外部シンボル "D3DXVec3Normalize" は未解決です。
model.obj : error LNK2019: 未解決の外部シンボル D3DXMatrixMultiply が関数 "public: virtual void __cdecl CModel::Draw(void)" (?Draw@CModel@@UEAAXXZ) で参照されました。
model_hierarchy.obj : error LNK2001: 外部シンボル "D3DXMatrixMultiply" は未解決です。
scene3d.obj : error LNK2001: 外部シンボル "D3DXMatrixMultiply" は未解決です。
model.obj : error LNK2019: 未解決の外部シンボル D3DXMatrixScaling が関数 "public: virtual void __cdecl CModel::Draw(void)" (?Draw@CModel@@UEAAXXZ) で参照されました。
scene3d.obj : error LNK2001: 外部シンボル "D3DXMatrixScaling" は未解決です。
model.obj : error LNK2019: 未解決の外部シンボル D3DXMatrixTranslation が関数 "public: virtual void __cdecl CModel::Draw(void)" (?Draw@CModel@@UEAAXXZ) で参照されました。
model_hierarchy.obj : error LNK2001: 外部シンボル "D3DXMatrixTranslation" は未解決です。
scene3d.obj : error LNK2001: 外部シンボル "D3DXMatrixTranslation" は未解決です。
model.obj : error LNK2019: 未解決の外部シンボル D3DXMatrixRotationYawPitchRoll が関数 "public: virtual void __cdecl CModel::Draw(void)" (?Draw@CModel@@UEAAXXZ) で参照されました。
model_hierarchy.obj : error LNK2001: 外部シンボル "D3DXMatrixRotationYawPitchRoll" は未解決です。
scene3d.obj : error LNK2001: 外部シンボル "D3DXMatrixRotationYawPitchRoll" は未解決です。
mouse.obj : error LNK2001: 外部シンボル "GUID_SysMouse" は未解決です。
mouse.obj : error LNK2001: 外部シンボル "c_dfDIMouse" は未解決です。
renderer.obj : error LNK2019: 未解決の外部シンボル Direct3DCreate9 が関数 "public: long __cdecl CRenderer::Init(struct HWND__ *,bool)" (?Init@CRenderer@@QEAAJPEAUHWND__@@_N@Z) で参照されました。
C:\Program Files (x86)\Microsoft DirectX SDK (June 2010)\Lib\x86\d3d9.lib : warning LNK4272: ライブラリのコンピューターの種類 'X86' がターゲットのコンピューターの種類' x64' と競合しています
C:\Program Files (x86)\Microsoft DirectX SDK (June 2010)\Lib\x86\d3dx9.lib : warning LNK4272: ライブラリのコンピューターの種類 'X86' がターゲットのコンピューターの種類' x64' と競合しています
C:\Program Files (x86)\Microsoft DirectX SDK (June 2010)\Lib\x86\dxguid.lib : warning LNK4272: ライブラリのコンピューターの種類 'X86' がターゲットのコンピューターの種類' x64' と競合しています
C:\Program Files (x86)\Microsoft DirectX SDK (June 2010)\Lib\x86\dinput8.lib : warning LNK4272: ライブラリのコンピューターの種類 'X86' がターゲットのコンピューターの種類' x64' と競合しています
C:\Users\gsp030\Desktop\DGC\project\DGC\x64\Debug\DGC.exe : fatal error LNK1120: 22 件の未解決の外部参照
