  title.cpp
  stage.cpp
  sound.cpp
  score.cpp
c:\users\gsp030\desktop\7.7 3d化\7.7\score.cpp(61): warning C4244: '引数': 'int' から 'FLOAT' への変換です。データが失われる可能性があります。
c:\users\gsp030\desktop\7.7 3d化\7.7\score.cpp(99): warning C4244: '引数': 'int' から 'float' への変換です。データが失われる可能性があります。
c:\users\gsp030\desktop\7.7 3d化\7.7\score.cpp(99): warning C4244: '引数': 'float' から 'const int' への変換です。データが失われる可能性があります。
  scene3d.cpp
  scene2d.cpp
  scene.cpp
  result.cpp
  renderer.cpp
  remain.cpp
  ranking.cpp
c:\users\gsp030\desktop\7.7 3d化\7.7\ranking.cpp(120): warning C4244: '引数': 'int' から 'FLOAT' への変換です。データが失われる可能性があります。
c:\users\gsp030\desktop\7.7 3d化\7.7\ranking.cpp(170): warning C4244: '引数': 'int' から 'float' への変換です。データが失われる可能性があります。
c:\users\gsp030\desktop\7.7 3d化\7.7\ranking.cpp(170): warning C4244: '引数': 'float' から 'const int' への変換です。データが失われる可能性があります。
  player.cpp
c:\users\gsp030\desktop\7.7 3d化\7.7\player.cpp(581): warning C4244: '+=': 'double' から 'int' への変換です。データが失われる可能性があります。
c:\users\gsp030\desktop\7.7 3d化\7.7\player.cpp(582): warning C4244: '引数': 'int' から 'const float' への変換です。データが失われる可能性があります。
  number.cpp
  manager.cpp
  main.cpp
  keyboard.cpp
  joypad.cpp
c:\users\gsp030\desktop\7.7 3d化\7.7\joypad.cpp(57): warning C4311: '型キャスト': ポインターを 'HRESULT *' から 'HRESULT' へ切り詰めます。
c:\users\gsp030\desktop\7.7 3d化\7.7\joypad.cpp(57): warning C4302: '型キャスト': 'HRESULT *' から 'HRESULT' へ切り詰めます。
  input.cpp
  explosion.cpp
  enemy.cpp
c:\users\gsp030\desktop\7.7 3d化\7.7\enemy.cpp(146): warning C4244: '引数': 'int' から 'float' への変換です。データが失われる可能性があります。
  コードを生成中...
  コンパイル中...
  polygon.cpp
  particle.cpp
c:\users\gsp030\desktop\7.7 3d化\7.7\particle.cpp(59): warning C4244: '引数': 'int' から 'const float' への変換です。データが失われる可能性があります。
  mouse.cpp
c:\users\gsp030\desktop\7.7 3d化\7.7\mouse.cpp(105): warning C4244: '引数': 'LONG' から 'FLOAT' への変換です。データが失われる可能性があります。
c:\users\gsp030\desktop\7.7 3d化\7.7\mouse.cpp(111): warning C4244: '=': 'float' から 'LONG' への変換です。データが失われる可能性があります。
c:\users\gsp030\desktop\7.7 3d化\7.7\mouse.cpp(112): warning C4244: '=': 'float' から 'LONG' への変換です。データが失われる可能性があります。
  minimap.cpp
  manacircle.cpp
c:\users\gsp030\desktop\7.7 3d化\7.7\manacircle.cpp(111): warning C4244: '引数': 'int' から 'float' への変換です。データが失われる可能性があります。
c:\users\gsp030\desktop\7.7 3d化\7.7\manacircle.cpp(129): warning C4244: '引数': 'int' から 'float' への変換です。データが失われる可能性があります。
  gage.cpp
c:\users\gsp030\desktop\7.7 3d化\7.7\gage.cpp(133): warning C4244: '=': 'int' から 'float' への変換です。データが失われる可能性があります。
c:\users\gsp030\desktop\7.7 3d化\7.7\gage.cpp(151): warning C4244: '=': 'int' から 'float' への変換です。データが失われる可能性があります。
  item.cpp
  game.cpp
  fade.cpp
c:\users\gsp030\desktop\7.7 3d化\7.7\fade.cpp(25): warning C4244: '引数': 'float' から 'DWORD' への変換です。データが失われる可能性があります。
  effect.cpp
  cursor.cpp
  camera.cpp
  bulletex.cpp
  bullet.cpp
  boss.cpp
  bomb_ui.cpp
  bomb.cpp
c:\users\gsp030\desktop\7.7 3d化\7.7\bomb.cpp(155): warning C4244: '+=': 'double' から 'float' への変換です。データが失われる可能性があります。
c:\users\gsp030\desktop\7.7 3d化\7.7\bomb.cpp(156): warning C4244: '+=': 'double' から 'float' への変換です。データが失われる可能性があります。
c:\users\gsp030\desktop\7.7 3d化\7.7\bomb.cpp(273): warning C4244: '引数': 'int' から 'FLOAT' への変換です。データが失われる可能性があります。
  bg.cpp
  コードを生成中...
remain.obj : error LNK2001: 外部シンボル "D3DXCreateTextureFromFileA" は未解決です。
result.obj : error LNK2001: 外部シンボル "D3DXCreateTextureFromFileA" は未解決です。
stage.obj : error LNK2001: 外部シンボル "D3DXCreateTextureFromFileA" は未解決です。
title.obj : error LNK2001: 外部シンボル "D3DXCreateTextureFromFileA" は未解決です。
enemy.obj : error LNK2001: 外部シンボル "D3DXCreateTextureFromFileA" は未解決です。
explosion.obj : error LNK2001: 外部シンボル "D3DXCreateTextureFromFileA" は未解決です。
number.obj : error LNK2001: 外部シンボル "D3DXCreateTextureFromFileA" は未解決です。
player.obj : error LNK2001: 外部シンボル "D3DXCreateTextureFromFileA" は未解決です。
gage.obj : error LNK2001: 外部シンボル "D3DXCreateTextureFromFileA" は未解決です。
manacircle.obj : error LNK2001: 外部シンボル "D3DXCreateTextureFromFileA" は未解決です。
minimap.obj : error LNK2001: 外部シンボル "D3DXCreateTextureFromFileA" は未解決です。
particle.obj : error LNK2001: 外部シンボル "D3DXCreateTextureFromFileA" は未解決です。
bullet.obj : error LNK2001: 外部シンボル "D3DXCreateTextureFromFileA" は未解決です。
cursor.obj : error LNK2001: 外部シンボル "D3DXCreateTextureFromFileA" は未解決です。
effect.obj : error LNK2001: 外部シンボル "D3DXCreateTextureFromFileA" は未解決です。
item.obj : error LNK2001: 外部シンボル "D3DXCreateTextureFromFileA" は未解決です。
bg.obj : error LNK2001: 外部シンボル "D3DXCreateTextureFromFileA" は未解決です。
bomb.obj : error LNK2001: 外部シンボル "D3DXCreateTextureFromFileA" は未解決です。
bomb_ui.obj : error LNK2001: 外部シンボル "D3DXCreateTextureFromFileA" は未解決です。
boss.obj : error LNK2001: 外部シンボル "D3DXCreateTextureFromFileA" は未解決です。
camera.obj : error LNK2019: 未解決の外部シンボル D3DXMatrixLookAtLH が関数 "public: void __cdecl CCamera::SetCamera(void)" (?SetCamera@CCamera@@QEAAXXZ) で参照されました。
camera.obj : error LNK2019: 未解決の外部シンボル D3DXMatrixOrthoLH が関数 "public: void __cdecl CCamera::SetCamera(void)" (?SetCamera@CCamera@@QEAAXXZ) で参照されました。
cursor.obj : error LNK2019: 未解決の外部シンボル D3DXVec3TransformCoord が関数 "public: struct D3DXVECTOR3 __cdecl CCursor::GetPos3d(void)" (?GetPos3d@CCursor@@QEAA?AUD3DXVECTOR3@@XZ) で参照されました。
cursor.obj : error LNK2019: 未解決の外部シンボル D3DXMatrixMultiply が関数 "public: struct D3DXMATRIX __cdecl D3DXMATRIX::operator*(struct D3DXMATRIX const &)const " (??DD3DXMATRIX@@QEBA?AU0@AEBU0@@Z) で参照されました。
scene3d.obj : error LNK2001: 外部シンボル "D3DXMatrixMultiply" は未解決です。
cursor.obj : error LNK2019: 未解決の外部シンボル D3DXMatrixInverse が関数 "public: struct D3DXVECTOR3 __cdecl CCursor::GetPos3d(void)" (?GetPos3d@CCursor@@QEAA?AUD3DXVECTOR3@@XZ) で参照されました。
mouse.obj : error LNK2001: 外部シンボル "GUID_SysMouse" は未解決です。
mouse.obj : error LNK2001: 外部シンボル "c_dfDIMouse" は未解決です。
input.obj : error LNK2019: 未解決の外部シンボル DirectInput8Create が関数 "public: virtual long __cdecl CInput::Init(struct HINSTANCE__ *,struct HWND__ *)" (?Init@CInput@@UEAAJPEAUHINSTANCE__@@PEAUHWND__@@@Z) で参照されました。
joypad.obj : error LNK2001: 外部シンボル "DirectInput8Create" は未解決です。
input.obj : error LNK2001: 外部シンボル "IID_IDirectInput8A" は未解決です。
joypad.obj : error LNK2001: 外部シンボル "IID_IDirectInput8A" は未解決です。
joypad.obj : error LNK2001: 外部シンボル "c_dfDIJoystick" は未解決です。
keyboard.obj : error LNK2001: 外部シンボル "GUID_SysKeyboard" は未解決です。
keyboard.obj : error LNK2001: 外部シンボル "c_dfDIKeyboard" は未解決です。
renderer.obj : error LNK2019: 未解決の外部シンボル Direct3DCreate9 が関数 "public: long __cdecl CRenderer::Init(struct HWND__ *,bool)" (?Init@CRenderer@@QEAAJPEAUHWND__@@_N@Z) で参照されました。
renderer.obj : error LNK2019: 未解決の外部シンボル D3DXCreateFontA が関数 "public: long __cdecl CRenderer::Init(struct HWND__ *,bool)" (?Init@CRenderer@@QEAAJPEAUHWND__@@_N@Z) で参照されました。
scene3d.obj : error LNK2019: 未解決の外部シンボル D3DXMatrixScaling が関数 "public: virtual void __cdecl CScene3d::Draw(void)" (?Draw@CScene3d@@UEAAXXZ) で参照されました。
scene3d.obj : error LNK2019: 未解決の外部シンボル D3DXMatrixTranslation が関数 "public: virtual void __cdecl CScene3d::Draw(void)" (?Draw@CScene3d@@UEAAXXZ) で参照されました。
scene3d.obj : error LNK2019: 未解決の外部シンボル D3DXMatrixRotationYawPitchRoll が関数 "public: virtual void __cdecl CScene3d::Draw(void)" (?Draw@CScene3d@@UEAAXXZ) で参照されました。
LIBCMTD.lib(exe_main.obj) : error LNK2019: 未解決の外部シンボル main が関数 "int __cdecl invoke_main(void)" (?invoke_main@@YAHXZ) で参照されました。
C:\Program Files (x86)\Microsoft DirectX SDK (June 2010)\Lib\x86\d3d9.lib : warning LNK4272: ライブラリのコンピューターの種類 'X86' がターゲットのコンピューターの種類' x64' と競合しています
C:\Program Files (x86)\Microsoft DirectX SDK (June 2010)\Lib\x86\d3dx9.lib : warning LNK4272: ライブラリのコンピューターの種類 'X86' がターゲットのコンピューターの種類' x64' と競合しています
C:\Program Files (x86)\Microsoft DirectX SDK (June 2010)\Lib\x86\dxguid.lib : warning LNK4272: ライブラリのコンピューターの種類 'X86' がターゲットのコンピューターの種類' x64' と競合しています
C:\Program Files (x86)\Microsoft DirectX SDK (June 2010)\Lib\x86\dinput8.lib : warning LNK4272: ライブラリのコンピューターの種類 'X86' がターゲットのコンピューターの種類' x64' と競合しています
C:\Users\gsp030\Desktop\7.7 3D化\x64\Debug\7.7　3D化.exe : fatal error LNK1120: 19 件の未解決の外部参照
