c:\users\gsp030\desktop\バックアップ\2020\7.7 3d化\7.7\release\vc140.pdb
c:\users\gsp030\desktop\バックアップ\2020\7.7 3d化\7.7\release\player.obj
c:\users\gsp030\desktop\バックアップ\2020\7.7 3d化\7.7\release\number.obj
c:\users\gsp030\desktop\バックアップ\2020\7.7 3d化\7.7\release\manager.obj
c:\users\gsp030\desktop\バックアップ\2020\7.7 3d化\7.7\release\main.obj
c:\users\gsp030\desktop\バックアップ\2020\7.7 3d化\7.7\release\keyboard.obj
c:\users\gsp030\desktop\バックアップ\2020\7.7 3d化\7.7\release\joypad.obj
c:\users\gsp030\desktop\バックアップ\2020\7.7 3d化\7.7\release\input.obj
c:\users\gsp030\desktop\バックアップ\2020\7.7 3d化\7.7\release\explosion.obj
c:\users\gsp030\desktop\バックアップ\2020\7.7 3d化\7.7\release\enemy.obj
c:\users\gsp030\desktop\バックアップ\2020\7.7 3d化\7.7\release\polygon.obj
c:\users\gsp030\desktop\バックアップ\2020\7.7 3d化\7.7\release\mouse.obj
c:\users\gsp030\desktop\バックアップ\2020\7.7 3d化\7.7\release\minimap.obj
c:\users\gsp030\desktop\バックアップ\2020\7.7 3d化\7.7\release\life.obj
c:\users\gsp030\desktop\バックアップ\2020\7.7 3d化\7.7\release\game.obj
c:\users\gsp030\desktop\バックアップ\2020\7.7 3d化\7.7\release\fade.obj
c:\users\gsp030\desktop\バックアップ\2020\7.7 3d化\7.7\release\effect.obj
c:\users\gsp030\desktop\バックアップ\2020\7.7 3d化\7.7\release\cursor.obj
c:\users\gsp030\desktop\バックアップ\2020\7.7 3d化\7.7\release\camera.obj
c:\users\gsp030\desktop\バックアップ\2020\7.7 3d化\7.7\release\bullet.obj
c:\users\gsp030\desktop\バックアップ\2020\7.7 3d化\7.7\release\bg.obj
c:\users\gsp030\desktop\バックアップ\2020\7.7 3d化\7.7\release\title.obj
c:\users\gsp030\desktop\バックアップ\2020\7.7 3d化\7.7\release\stage.obj
c:\users\gsp030\desktop\バックアップ\2020\7.7 3d化\7.7\release\sound.obj
c:\users\gsp030\desktop\バックアップ\2020\7.7 3d化\7.7\release\score.obj
c:\users\gsp030\desktop\バックアップ\2020\7.7 3d化\7.7\release\scene3d.obj
c:\users\gsp030\desktop\バックアップ\2020\7.7 3d化\7.7\release\scene2d.obj
c:\users\gsp030\desktop\バックアップ\2020\7.7 3d化\7.7\release\scene.obj
c:\users\gsp030\desktop\バックアップ\2020\7.7 3d化\7.7\release\result.obj
c:\users\gsp030\desktop\バックアップ\2020\7.7 3d化\7.7\release\renderer.obj
c:\users\gsp030\desktop\バックアップ\2020\7.7 3d化\7.7\release\bulletex.obj
c:\users\gsp030\desktop\バックアップ\2020\7.7 3d化\7.7\release\boss.obj
c:\users\gsp030\desktop\バックアップ\2020\7.7 3d化\7.7\release\warning_logo.obj
c:\users\gsp030\desktop\バックアップ\2020\7.7 3d化\7.7\release\tutorial.obj
c:\users\gsp030\desktop\バックアップ\2020\7.7 3d化\7.7\release\title_logo.obj
c:\users\gsp030\desktop\バックアップ\2020\7.7 3d化\7.7\release\time.obj
c:\users\gsp030\desktop\バックアップ\2020\7.7 3d化\7.7\release\tcp_client.obj
c:\users\gsp030\desktop\バックアップ\2020\7.7 3d化\7.7\release\spawneffect.obj
c:\users\gsp030\desktop\バックアップ\2020\7.7 3d化\7.7\release\remain.obj
c:\users\gsp030\desktop\バックアップ\2020\7.7 3d化\7.7\release\ranking.obj
c:\users\gsp030\desktop\バックアップ\2020\7.7 3d化\7.7\release\press_logo.obj
c:\users\gsp030\desktop\バックアップ\2020\7.7 3d化\7.7\release\pause.obj
c:\users\gsp030\desktop\バックアップ\2020\7.7 3d化\7.7\release\particle.obj
c:\users\gsp030\desktop\バックアップ\2020\7.7 3d化\7.7\release\manacircle.obj
c:\users\gsp030\desktop\バックアップ\2020\7.7 3d化\7.7\release\gage.obj
c:\users\gsp030\desktop\バックアップ\2020\7.7 3d化\7.7\release\item.obj
c:\users\gsp030\desktop\バックアップ\2020\7.7 3d化\7.7\release\bomb_ui.obj
c:\users\gsp030\desktop\バックアップ\2020\7.7 3d化\7.7\release\bomb.obj
c:\users\gsp030\desktop\バックアップ\2020\7.7 3d化\release\7.7　3d化.exe
c:\users\gsp030\desktop\バックアップ\2020\7.7 3d化\release\7.7　3d化.ipdb
c:\users\gsp030\desktop\バックアップ\2020\7.7 3d化\release\7.7　3d化.iobj
c:\users\gsp030\desktop\バックアップ\2020\7.7 3d化\release\7.7　3d化.pdb
c:\users\gsp030\desktop\バックアップ\2020\7.7 3d化\7.7\release\7.7　3d化.tlog\cl.command.1.tlog
c:\users\gsp030\desktop\バックアップ\2020\7.7 3d化\7.7\release\7.7　3d化.tlog\cl.read.1.tlog
c:\users\gsp030\desktop\バックアップ\2020\7.7 3d化\7.7\release\7.7　3d化.tlog\cl.write.1.tlog
c:\users\gsp030\desktop\バックアップ\2020\7.7 3d化\7.7\release\7.7　3d化.tlog\link.command.1.tlog
c:\users\gsp030\desktop\バックアップ\2020\7.7 3d化\7.7\release\7.7　3d化.tlog\link.read.1.tlog
c:\users\gsp030\desktop\バックアップ\2020\7.7 3d化\7.7\release\7.7　3d化.tlog\link.write.1.tlog
